#
# There is insufficient memory for the Java Runtime Environment to continue.
# Native memory allocation (malloc) failed to allocate 1727632 bytes for Chunk::new
# Possible reasons:
#   The system is out of physical RAM or swap space
#   The process is running with CompressedOops enabled, and the Java Heap may be blocking the growth of the native heap
# Possible solutions:
#   Reduce memory load on the system
#   Increase physical memory or swap space
#   Check if swap backing store is full
#   Decrease Java heap size (-Xmx/-Xms)
#   Decrease number of Java threads
#   Decrease Java thread stack sizes (-Xss)
#   Set larger code cache with -XX:ReservedCodeCacheSize=
#   JVM is running with Unscaled Compressed Oops mode in which the Java heap is
#     placed in the first 4GB address space. The Java Heap base address is the
#     maximum limit for the native heap growth. Please use -XX:HeapBaseMinAddress
#     to set the Java Heap base and to place the Java Heap above 4GB virtual address.
# This output file may be truncated or incomplete.
#
#  Out of Memory Error (arena.cpp:184), pid=10900, tid=11380
#
# JRE version: OpenJDK Runtime Environment Corretto-18.0.2.9.1 (18.0.2+9) (build 18.0.2+9-FR)
# Java VM: OpenJDK 64-Bit Server VM Corretto-18.0.2.9.1 (18.0.2+9-FR, mixed mode, sharing, tiered, compressed oops, compressed class ptrs, g1 gc, windows-amd64)
# No core dump will be written. Minidumps are not enabled by default on client versions of Windows
#

---------------  S U M M A R Y ------------

Command Line: --add-opens=java.base/java.util.concurrent.atomic=ALL-UNNAMED --add-opens=java.base/java.util=ALL-UNNAMED --add-opens=java.base/java.lang=ALL-UNNAMED --add-opens=java.base/java.lang.invoke=ALL-UNNAMED --add-opens=java.prefs/java.util.prefs=ALL-UNNAMED --add-opens=java.base/java.nio.charset=ALL-UNNAMED --add-opens=java.base/java.net=ALL-UNNAMED --add-opens=java.base/java.util.concurrent.atomic=ALL-UNNAMED -Xmx2048m -Dfile.encoding=UTF-8 -Duser.country=RU -Duser.language=ru -Duser.variant -javaagent:C:\Users\kayrat\.gradle\wrapper\dists\gradle-8.1-bin\2eyty4r6kz6fpakefpk52nbbm\gradle-8.1\lib\agents\gradle-instrumentation-agent-8.1.jar org.gradle.launcher.daemon.bootstrap.GradleDaemon 8.1

Host: AMD Ryzen 5 5500U with Radeon Graphics         , 12 cores, 7G,  Windows 11 , 64 bit Build 22621 (10.0.22621.1485)
Time: Wed Apr 19 15:57:41 2023  Windows 11 , 64 bit Build 22621 (10.0.22621.1485) elapsed time: 3.554783 seconds (0d 0h 0m 3s)

---------------  T H R E A D  ---------------

Current thread (0x0000019c8fb0f4e0):  JavaThread "C2 CompilerThread1" daemon [_thread_in_native, id=11380, stack(0x0000009797600000,0x0000009797700000)]


Current CompileTask:
C2:   3554 2573   !   4       java.net.URLClassLoader::findClass (47 bytes)

Stack: [0x0000009797600000,0x0000009797700000]
Native frames: (J=compiled Java code, j=interpreted, Vv=VM code, C=native code)
V  [jvm.dll+0x685a2a]
V  [jvm.dll+0x82ae8d]
V  [jvm.dll+0x82c75e]
V  [jvm.dll+0x82ce03]
V  [jvm.dll+0x25ef4b]
V  [jvm.dll+0xd42d2]
V  [jvm.dll+0xd4665]
V  [jvm.dll+0x38578b]
V  [jvm.dll+0x1d8f20]
V  [jvm.dll+0x233b4f]
V  [jvm.dll+0x232f37]
V  [jvm.dll+0x1c0a35]
V  [jvm.dll+0x24212c]
V  [jvm.dll+0x240534]
V  [jvm.dll+0x7df6db]
V  [jvm.dll+0x7d9cba]
V  [jvm.dll+0x6848a5]
C  [ucrtbase.dll+0x29363]
C  [KERNEL32.DLL+0x1269d]
C  [ntdll.dll+0x5a9f8]


---------------  P R O C E S S  ---------------

Threads class SMR info:
_java_thread_list=0x0000019c902eb5e0, length=27, elements={
0x0000019ceafcd210, 0x0000019cfa902bf0, 0x0000019cfa903590, 0x0000019cfa91e9e0,
0x0000019cfa91f290, 0x0000019cfa91fc30, 0x0000019cfa9205d0, 0x0000019cfa9212a0,
0x0000019cfa9249d0, 0x0000019cfa969780, 0x0000019cfecb0720, 0x0000019cfed97cb0,
0x0000019c8f817310, 0x0000019c8f961970, 0x0000019c8f691520, 0x0000019c8fd33290,
0x0000019c8fa7b560, 0x0000019c8fb82840, 0x0000019c8fb8b7a0, 0x0000019c90090700,
0x0000019c90090bd0, 0x0000019c9008f3c0, 0x0000019c9008e080, 0x0000019c90091570,
0x0000019c9008e550, 0x0000019c8fb0f4e0, 0x0000019c90631a40
}

Java Threads: ( => current thread )
  0x0000019ceafcd210 JavaThread "main" [_thread_blocked, id=13072, stack(0x0000009795200000,0x0000009795300000)]
  0x0000019cfa902bf0 JavaThread "Reference Handler" daemon [_thread_blocked, id=7464, stack(0x0000009795900000,0x0000009795a00000)]
  0x0000019cfa903590 JavaThread "Finalizer" daemon [_thread_blocked, id=7968, stack(0x0000009795a00000,0x0000009795b00000)]
  0x0000019cfa91e9e0 JavaThread "Signal Dispatcher" daemon [_thread_blocked, id=5528, stack(0x0000009795b00000,0x0000009795c00000)]
  0x0000019cfa91f290 JavaThread "Attach Listener" daemon [_thread_blocked, id=12568, stack(0x0000009795c00000,0x0000009795d00000)]
  0x0000019cfa91fc30 JavaThread "Service Thread" daemon [_thread_blocked, id=14956, stack(0x0000009795d00000,0x0000009795e00000)]
  0x0000019cfa9205d0 JavaThread "Monitor Deflation Thread" daemon [_thread_blocked, id=11048, stack(0x0000009795e00000,0x0000009795f00000)]
  0x0000019cfa9212a0 JavaThread "C2 CompilerThread0" daemon [_thread_in_native, id=3480, stack(0x0000009795f00000,0x0000009796000000)]
  0x0000019cfa9249d0 JavaThread "C1 CompilerThread0" daemon [_thread_blocked, id=7012, stack(0x0000009796000000,0x0000009796100000)]
  0x0000019cfa969780 JavaThread "Sweeper thread" daemon [_thread_blocked, id=8412, stack(0x0000009796100000,0x0000009796200000)]
  0x0000019cfecb0720 JavaThread "Common-Cleaner" daemon [_thread_blocked, id=11572, stack(0x0000009796200000,0x0000009796300000)]
  0x0000019cfed97cb0 JavaThread "Notification Thread" daemon [_thread_blocked, id=10140, stack(0x0000009796300000,0x0000009796400000)]
  0x0000019c8f817310 JavaThread "Daemon health stats" [_thread_blocked, id=6344, stack(0x0000009796900000,0x0000009796a00000)]
  0x0000019c8f961970 JavaThread "Incoming local TCP Connector on port 57841" [_thread_in_native, id=15312, stack(0x0000009796a00000,0x0000009796b00000)]
  0x0000019c8f691520 JavaThread "Daemon periodic checks" [_thread_blocked, id=11588, stack(0x0000009796b00000,0x0000009796c00000)]
  0x0000019c8fd33290 JavaThread "Daemon" [_thread_blocked, id=8344, stack(0x0000009796c00000,0x0000009796d00000)]
  0x0000019c8fa7b560 JavaThread "Handler for socket connection from /127.0.0.1:57841 to /127.0.0.1:57842" [_thread_in_native, id=10616, stack(0x0000009796d00000,0x0000009796e00000)]
  0x0000019c8fb82840 JavaThread "Cancel handler" [_thread_blocked, id=14848, stack(0x0000009796e00000,0x0000009796f00000)]
  0x0000019c8fb8b7a0 JavaThread "Daemon worker" [_thread_in_vm, id=3584, stack(0x0000009796f00000,0x0000009797000000)]
  0x0000019c90090700 JavaThread "Asynchronous log dispatcher for DefaultDaemonConnection: socket connection from /127.0.0.1:57841 to /127.0.0.1:57842" [_thread_blocked, id=5992, stack(0x0000009797000000,0x0000009797100000)]
  0x0000019c90090bd0 JavaThread "Stdin handler" [_thread_blocked, id=6540, stack(0x0000009797100000,0x0000009797200000)]
  0x0000019c9008f3c0 JavaThread "Daemon client event forwarder" [_thread_blocked, id=13928, stack(0x0000009797200000,0x0000009797300000)]
  0x0000019c9008e080 JavaThread "Cache worker for journal cache (C:\Users\kayrat\.gradle\caches\journal-1)" [_thread_blocked, id=3656, stack(0x0000009797300000,0x0000009797400000)]
  0x0000019c90091570 JavaThread "File lock request listener" [_thread_in_native, id=15300, stack(0x0000009797400000,0x0000009797500000)]
  0x0000019c9008e550 JavaThread "Cache worker for file hash cache (C:\Users\kayrat\.gradle\caches\8.1\fileHashes)" [_thread_blocked, id=14856, stack(0x0000009797500000,0x0000009797600000)]
=>0x0000019c8fb0f4e0 JavaThread "C2 CompilerThread1" daemon [_thread_in_native, id=11380, stack(0x0000009797600000,0x0000009797700000)]
  0x0000019c90631a40 JavaThread "C2 CompilerThread2" daemon [_thread_in_native, id=9908, stack(0x0000009797c00000,0x0000009797d00000)]

Other Threads:
  0x0000019cfa9005d0 VMThread "VM Thread" [stack: 0x0000009795800000,0x0000009795900000] [id=2188]
  0x0000019cfee2ad00 WatcherThread "VM Periodic Task Thread" [stack: 0x0000009796400000,0x0000009796500000] [id=6864]
  0x0000019ceb02d480 WorkerThread "GC Thread#0" [stack: 0x0000009795300000,0x0000009795400000] [id=6164]
  0x0000019cff5f19e0 WorkerThread "GC Thread#1" [stack: 0x0000009796500000,0x0000009796600000] [id=11096]
  0x0000019cff582e40 WorkerThread "GC Thread#2" [stack: 0x0000009796600000,0x0000009796700000] [id=9508]
  0x0000019cff57dec0 WorkerThread "GC Thread#3" [stack: 0x0000009796700000,0x0000009796800000] [id=10664]
  0x0000019cff57e160 WorkerThread "GC Thread#4" [stack: 0x0000009796800000,0x0000009796900000] [id=3144]
  0x0000019c902a5af0 WorkerThread "GC Thread#5" [stack: 0x0000009797700000,0x0000009797800000] [id=7236]
  0x0000019c90652150 WorkerThread "GC Thread#6" [stack: 0x0000009797800000,0x0000009797900000] [id=5724]
  0x0000019c8f77fa30 WorkerThread "GC Thread#7" [stack: 0x0000009797900000,0x0000009797a00000] [id=10808]
  0x0000019c9093fc80 WorkerThread "GC Thread#8" [stack: 0x0000009797a00000,0x0000009797b00000] [id=6920]
  0x0000019c90dd1d70 WorkerThread "GC Thread#9" [stack: 0x0000009797b00000,0x0000009797c00000] [id=2024]
  0x0000019ceb03e410 ConcurrentGCThread "G1 Main Marker" [stack: 0x0000009795400000,0x0000009795500000] [id=1148]
  0x0000019ceb0404b0 WorkerThread "G1 Conc#0" [stack: 0x0000009795500000,0x0000009795600000] [id=14024]
  0x0000019ceb08ebd0 ConcurrentGCThread "G1 Refine#0" [stack: 0x0000009795600000,0x0000009795700000] [id=7388]
  0x0000019cfa7b65a0 ConcurrentGCThread "G1 Service" [stack: 0x0000009795700000,0x0000009795800000] [id=7904]

Threads with active compile tasks:
C2 CompilerThread0     3575 2592       4       java.net.URLClassLoader$1::run (5 bytes)
C2 CompilerThread1     3575 2573   !   4       java.net.URLClassLoader::findClass (47 bytes)
C2 CompilerThread2     3575 2593   !   4       java.net.URLClassLoader$1::run (81 bytes)

VM state: not at safepoint (normal execution)

VM Mutex/Monitor currently owned by a thread: None

Heap address: 0x0000000080000000, size: 2048 MB, Compressed Oops mode: 32-bit

CDS archive(s) mapped at: [0x0000000800000000-0x0000000800ba0000-0x0000000800ba0000), size 12189696, SharedBaseAddress: 0x0000000800000000, ArchiveRelocationMode: 0.
Compressed class space mapped at: 0x0000000800c00000-0x0000000840c00000, reserved size: 1073741824
Narrow klass base: 0x0000000800000000, Narrow klass shift: 0, Narrow klass range: 0x100000000

GC Precious Log:
 CardTable entry size: 512
 Card Set container configuration: InlinePtr #cards 5 size 8 Array Of Cards #cards 12 size 40 Howl #buckets 4 coarsen threshold 1843 Howl Bitmap #cards 512 size 80 coarsen threshold 460 Card regions per heap region 1 cards per card region 2048
 CPUs: 12 total, 12 available
 Memory: 7525M
 Large Page Support: Disabled
 NUMA Support: Disabled
 Compressed Oops: Enabled (32-bit)
 Heap Region Size: 1M
 Heap Min Capacity: 8M
 Heap Initial Capacity: 118M
 Heap Max Capacity: 2G
 Pre-touch: Disabled
 Parallel Workers: 10
 Concurrent Workers: 3
 Concurrent Refinement Workers: 10
 Periodic GC: Disabled

Heap:
 garbage-first heap   total 120832K, used 50974K [0x0000000080000000, 0x0000000100000000)
  region size 1024K, 40 young (40960K), 9 survivors (9216K)
 Metaspace       used 19932K, committed 20608K, reserved 1114112K
  class space    used 2935K, committed 3264K, reserved 1048576K

Heap Regions: E=young(eden), S=young(survivor), O=old, HS=humongous(starts), HC=humongous(continues), CS=collection set, F=free, OA=open archive, CA=closed archive, TAMS=top-at-mark-start (previous, next)
|   0|0x0000000080000000, 0x0000000080100000, 0x0000000080100000|100%|HS|  |TAMS 0x0000000080000000, 0x0000000080000000| Complete 
|   1|0x0000000080100000, 0x0000000080200000, 0x0000000080200000|100%|HC|  |TAMS 0x0000000080100000, 0x0000000080100000| Complete 
|   2|0x0000000080200000, 0x0000000080300000, 0x0000000080300000|100%|HC|  |TAMS 0x0000000080200000, 0x0000000080200000| Complete 
|   3|0x0000000080300000, 0x0000000080400000, 0x0000000080400000|100%|HC|  |TAMS 0x0000000080300000, 0x0000000080300000| Complete 
|   4|0x0000000080400000, 0x0000000080500000, 0x0000000080500000|100%| O|  |TAMS 0x0000000080400000, 0x0000000080400000| Untracked 
|   5|0x0000000080500000, 0x0000000080600000, 0x0000000080600000|100%| O|  |TAMS 0x0000000080500000, 0x0000000080500000| Untracked 
|   6|0x0000000080600000, 0x0000000080700000, 0x0000000080700000|100%| O|  |TAMS 0x0000000080600000, 0x0000000080600000| Untracked 
|   7|0x0000000080700000, 0x0000000080700000, 0x0000000080800000|  0%| F|  |TAMS 0x0000000080700000, 0x0000000080700000| Untracked 
|   8|0x0000000080800000, 0x0000000080900000, 0x0000000080900000|100%| O|  |TAMS 0x0000000080800000, 0x0000000080800000| Untracked 
|   9|0x0000000080900000, 0x0000000080a00000, 0x0000000080a00000|100%| O|  |TAMS 0x0000000080900000, 0x0000000080900000| Untracked 
|  10|0x0000000080a00000, 0x0000000080b00000, 0x0000000080b00000|100%| O|  |TAMS 0x0000000080a00000, 0x0000000080a00000| Untracked 
|  11|0x0000000080b00000, 0x0000000080bc7a00, 0x0000000080c00000| 77%| O|  |TAMS 0x0000000080b00000, 0x0000000080b00000| Untracked 
|  12|0x0000000080c00000, 0x0000000080c00000, 0x0000000080d00000|  0%| F|  |TAMS 0x0000000080c00000, 0x0000000080c00000| Untracked 
|  13|0x0000000080d00000, 0x0000000080d00000, 0x0000000080e00000|  0%| F|  |TAMS 0x0000000080d00000, 0x0000000080d00000| Untracked 
|  14|0x0000000080e00000, 0x0000000080e00000, 0x0000000080f00000|  0%| F|  |TAMS 0x0000000080e00000, 0x0000000080e00000| Untracked 
|  15|0x0000000080f00000, 0x0000000080f00000, 0x0000000081000000|  0%| F|  |TAMS 0x0000000080f00000, 0x0000000080f00000| Untracked 
|  16|0x0000000081000000, 0x0000000081000000, 0x0000000081100000|  0%| F|  |TAMS 0x0000000081000000, 0x0000000081000000| Untracked 
|  17|0x0000000081100000, 0x0000000081100000, 0x0000000081200000|  0%| F|  |TAMS 0x0000000081100000, 0x0000000081100000| Untracked 
|  18|0x0000000081200000, 0x0000000081200000, 0x0000000081300000|  0%| F|  |TAMS 0x0000000081200000, 0x0000000081200000| Untracked 
|  19|0x0000000081300000, 0x0000000081300000, 0x0000000081400000|  0%| F|  |TAMS 0x0000000081300000, 0x0000000081300000| Untracked 
|  20|0x0000000081400000, 0x0000000081400000, 0x0000000081500000|  0%| F|  |TAMS 0x0000000081400000, 0x0000000081400000| Untracked 
|  21|0x0000000081500000, 0x0000000081500000, 0x0000000081600000|  0%| F|  |TAMS 0x0000000081500000, 0x0000000081500000| Untracked 
|  22|0x0000000081600000, 0x0000000081600000, 0x0000000081700000|  0%| F|  |TAMS 0x0000000081600000, 0x0000000081600000| Untracked 
|  23|0x0000000081700000, 0x0000000081700000, 0x0000000081800000|  0%| F|  |TAMS 0x0000000081700000, 0x0000000081700000| Untracked 
|  24|0x0000000081800000, 0x0000000081800000, 0x0000000081900000|  0%| F|  |TAMS 0x0000000081800000, 0x0000000081800000| Untracked 
|  25|0x0000000081900000, 0x0000000081900000, 0x0000000081a00000|  0%| F|  |TAMS 0x0000000081900000, 0x0000000081900000| Untracked 
|  26|0x0000000081a00000, 0x0000000081a00000, 0x0000000081b00000|  0%| F|  |TAMS 0x0000000081a00000, 0x0000000081a00000| Untracked 
|  27|0x0000000081b00000, 0x0000000081b00000, 0x0000000081c00000|  0%| F|  |TAMS 0x0000000081b00000, 0x0000000081b00000| Untracked 
|  28|0x0000000081c00000, 0x0000000081c00000, 0x0000000081d00000|  0%| F|  |TAMS 0x0000000081c00000, 0x0000000081c00000| Untracked 
|  29|0x0000000081d00000, 0x0000000081d00000, 0x0000000081e00000|  0%| F|  |TAMS 0x0000000081d00000, 0x0000000081d00000| Untracked 
|  30|0x0000000081e00000, 0x0000000081e00000, 0x0000000081f00000|  0%| F|  |TAMS 0x0000000081e00000, 0x0000000081e00000| Untracked 
|  31|0x0000000081f00000, 0x0000000081f00000, 0x0000000082000000|  0%| F|  |TAMS 0x0000000081f00000, 0x0000000081f00000| Untracked 
|  32|0x0000000082000000, 0x0000000082000000, 0x0000000082100000|  0%| F|  |TAMS 0x0000000082000000, 0x0000000082000000| Untracked 
|  33|0x0000000082100000, 0x0000000082100000, 0x0000000082200000|  0%| F|  |TAMS 0x0000000082100000, 0x0000000082100000| Untracked 
|  34|0x0000000082200000, 0x0000000082200000, 0x0000000082300000|  0%| F|  |TAMS 0x0000000082200000, 0x0000000082200000| Untracked 
|  35|0x0000000082300000, 0x0000000082300000, 0x0000000082400000|  0%| F|  |TAMS 0x0000000082300000, 0x0000000082300000| Untracked 
|  36|0x0000000082400000, 0x0000000082400000, 0x0000000082500000|  0%| F|  |TAMS 0x0000000082400000, 0x0000000082400000| Untracked 
|  37|0x0000000082500000, 0x0000000082500000, 0x0000000082600000|  0%| F|  |TAMS 0x0000000082500000, 0x0000000082500000| Untracked 
|  38|0x0000000082600000, 0x0000000082600000, 0x0000000082700000|  0%| F|  |TAMS 0x0000000082600000, 0x0000000082600000| Untracked 
|  39|0x0000000082700000, 0x0000000082800000, 0x0000000082800000|100%| S|CS|TAMS 0x0000000082700000, 0x0000000082700000| Complete 
|  40|0x0000000082800000, 0x0000000082900000, 0x0000000082900000|100%| S|CS|TAMS 0x0000000082800000, 0x0000000082800000| Complete 
|  41|0x0000000082900000, 0x0000000082a00000, 0x0000000082a00000|100%| S|CS|TAMS 0x0000000082900000, 0x0000000082900000| Complete 
|  42|0x0000000082a00000, 0x0000000082b00000, 0x0000000082b00000|100%| S|CS|TAMS 0x0000000082a00000, 0x0000000082a00000| Complete 
|  43|0x0000000082b00000, 0x0000000082c00000, 0x0000000082c00000|100%| S|CS|TAMS 0x0000000082b00000, 0x0000000082b00000| Complete 
|  44|0x0000000082c00000, 0x0000000082d00000, 0x0000000082d00000|100%| S|CS|TAMS 0x0000000082c00000, 0x0000000082c00000| Complete 
|  45|0x0000000082d00000, 0x0000000082e00000, 0x0000000082e00000|100%| S|CS|TAMS 0x0000000082d00000, 0x0000000082d00000| Complete 
|  46|0x0000000082e00000, 0x0000000082f00000, 0x0000000082f00000|100%| S|CS|TAMS 0x0000000082e00000, 0x0000000082e00000| Complete 
|  47|0x0000000082f00000, 0x0000000083000000, 0x0000000083000000|100%| S|CS|TAMS 0x0000000082f00000, 0x0000000082f00000| Complete 
|  48|0x0000000083000000, 0x0000000083000000, 0x0000000083100000|  0%| F|  |TAMS 0x0000000083000000, 0x0000000083000000| Untracked 
|  49|0x0000000083100000, 0x0000000083100000, 0x0000000083200000|  0%| F|  |TAMS 0x0000000083100000, 0x0000000083100000| Untracked 
|  50|0x0000000083200000, 0x0000000083200000, 0x0000000083300000|  0%| F|  |TAMS 0x0000000083200000, 0x0000000083200000| Untracked 
|  51|0x0000000083300000, 0x0000000083300000, 0x0000000083400000|  0%| F|  |TAMS 0x0000000083300000, 0x0000000083300000| Untracked 
|  52|0x0000000083400000, 0x0000000083400000, 0x0000000083500000|  0%| F|  |TAMS 0x0000000083400000, 0x0000000083400000| Untracked 
|  53|0x0000000083500000, 0x0000000083500000, 0x0000000083600000|  0%| F|  |TAMS 0x0000000083500000, 0x0000000083500000| Untracked 
|  54|0x0000000083600000, 0x0000000083600000, 0x0000000083700000|  0%| F|  |TAMS 0x0000000083600000, 0x0000000083600000| Untracked 
|  55|0x0000000083700000, 0x0000000083700000, 0x0000000083800000|  0%| F|  |TAMS 0x0000000083700000, 0x0000000083700000| Untracked 
|  56|0x0000000083800000, 0x0000000083800000, 0x0000000083900000|  0%| F|  |TAMS 0x0000000083800000, 0x0000000083800000| Untracked 
|  57|0x0000000083900000, 0x0000000083900000, 0x0000000083a00000|  0%| F|  |TAMS 0x0000000083900000, 0x0000000083900000| Untracked 
|  58|0x0000000083a00000, 0x0000000083a00000, 0x0000000083b00000|  0%| F|  |TAMS 0x0000000083a00000, 0x0000000083a00000| Untracked 
|  59|0x0000000083b00000, 0x0000000083b00000, 0x0000000083c00000|  0%| F|  |TAMS 0x0000000083b00000, 0x0000000083b00000| Untracked 
|  60|0x0000000083c00000, 0x0000000083c00000, 0x0000000083d00000|  0%| F|  |TAMS 0x0000000083c00000, 0x0000000083c00000| Untracked 
|  61|0x0000000083d00000, 0x0000000083d00000, 0x0000000083e00000|  0%| F|  |TAMS 0x0000000083d00000, 0x0000000083d00000| Untracked 
|  62|0x0000000083e00000, 0x0000000083e00000, 0x0000000083f00000|  0%| F|  |TAMS 0x0000000083e00000, 0x0000000083e00000| Untracked 
|  63|0x0000000083f00000, 0x0000000083f00000, 0x0000000084000000|  0%| F|  |TAMS 0x0000000083f00000, 0x0000000083f00000| Untracked 
|  64|0x0000000084000000, 0x0000000084000000, 0x0000000084100000|  0%| F|  |TAMS 0x0000000084000000, 0x0000000084000000| Untracked 
|  65|0x0000000084100000, 0x0000000084100000, 0x0000000084200000|  0%| F|  |TAMS 0x0000000084100000, 0x0000000084100000| Untracked 
|  66|0x0000000084200000, 0x0000000084200000, 0x0000000084300000|  0%| F|  |TAMS 0x0000000084200000, 0x0000000084200000| Untracked 
|  67|0x0000000084300000, 0x0000000084300000, 0x0000000084400000|  0%| F|  |TAMS 0x0000000084300000, 0x0000000084300000| Untracked 
|  68|0x0000000084400000, 0x0000000084400000, 0x0000000084500000|  0%| F|  |TAMS 0x0000000084400000, 0x0000000084400000| Untracked 
|  69|0x0000000084500000, 0x0000000084500000, 0x0000000084600000|  0%| F|  |TAMS 0x0000000084500000, 0x0000000084500000| Untracked 
|  70|0x0000000084600000, 0x0000000084600000, 0x0000000084700000|  0%| F|  |TAMS 0x0000000084600000, 0x0000000084600000| Untracked 
|  71|0x0000000084700000, 0x0000000084700000, 0x0000000084800000|  0%| F|  |TAMS 0x0000000084700000, 0x0000000084700000| Untracked 
|  72|0x0000000084800000, 0x0000000084800000, 0x0000000084900000|  0%| F|  |TAMS 0x0000000084800000, 0x0000000084800000| Untracked 
|  73|0x0000000084900000, 0x0000000084900000, 0x0000000084a00000|  0%| F|  |TAMS 0x0000000084900000, 0x0000000084900000| Untracked 
|  74|0x0000000084a00000, 0x0000000084a00000, 0x0000000084b00000|  0%| F|  |TAMS 0x0000000084a00000, 0x0000000084a00000| Untracked 
|  75|0x0000000084b00000, 0x0000000084b00000, 0x0000000084c00000|  0%| F|  |TAMS 0x0000000084b00000, 0x0000000084b00000| Untracked 
|  76|0x0000000084c00000, 0x0000000084c00000, 0x0000000084d00000|  0%| F|  |TAMS 0x0000000084c00000, 0x0000000084c00000| Untracked 
|  77|0x0000000084d00000, 0x0000000084d00000, 0x0000000084e00000|  0%| F|  |TAMS 0x0000000084d00000, 0x0000000084d00000| Untracked 
|  78|0x0000000084e00000, 0x0000000084e00000, 0x0000000084f00000|  0%| F|  |TAMS 0x0000000084e00000, 0x0000000084e00000| Untracked 
|  79|0x0000000084f00000, 0x0000000084f00000, 0x0000000085000000|  0%| F|  |TAMS 0x0000000084f00000, 0x0000000084f00000| Untracked 
|  80|0x0000000085000000, 0x0000000085000000, 0x0000000085100000|  0%| F|  |TAMS 0x0000000085000000, 0x0000000085000000| Untracked 
|  81|0x0000000085100000, 0x0000000085100000, 0x0000000085200000|  0%| F|  |TAMS 0x0000000085100000, 0x0000000085100000| Untracked 
|  82|0x0000000085200000, 0x0000000085200000, 0x0000000085300000|  0%| F|  |TAMS 0x0000000085200000, 0x0000000085200000| Untracked 
|  83|0x0000000085300000, 0x0000000085300000, 0x0000000085400000|  0%| F|  |TAMS 0x0000000085300000, 0x0000000085300000| Untracked 
|  84|0x0000000085400000, 0x0000000085400000, 0x0000000085500000|  0%| F|  |TAMS 0x0000000085400000, 0x0000000085400000| Untracked 
|  85|0x0000000085500000, 0x0000000085500000, 0x0000000085600000|  0%| F|  |TAMS 0x0000000085500000, 0x0000000085500000| Untracked 
|  86|0x0000000085600000, 0x0000000085600000, 0x0000000085700000|  0%| F|  |TAMS 0x0000000085600000, 0x0000000085600000| Untracked 
|  87|0x0000000085700000, 0x0000000085780680, 0x0000000085800000| 50%| E|  |TAMS 0x0000000085700000, 0x0000000085700000| Complete 
|  88|0x0000000085800000, 0x0000000085900000, 0x0000000085900000|100%| E|CS|TAMS 0x0000000085800000, 0x0000000085800000| Complete 
|  89|0x0000000085900000, 0x0000000085a00000, 0x0000000085a00000|100%| E|CS|TAMS 0x0000000085900000, 0x0000000085900000| Complete 
|  90|0x0000000085a00000, 0x0000000085b00000, 0x0000000085b00000|100%| E|CS|TAMS 0x0000000085a00000, 0x0000000085a00000| Complete 
|  91|0x0000000085b00000, 0x0000000085c00000, 0x0000000085c00000|100%| E|CS|TAMS 0x0000000085b00000, 0x0000000085b00000| Complete 
|  92|0x0000000085c00000, 0x0000000085d00000, 0x0000000085d00000|100%| E|CS|TAMS 0x0000000085c00000, 0x0000000085c00000| Complete 
|  93|0x0000000085d00000, 0x0000000085e00000, 0x0000000085e00000|100%| E|CS|TAMS 0x0000000085d00000, 0x0000000085d00000| Complete 
|  94|0x0000000085e00000, 0x0000000085f00000, 0x0000000085f00000|100%| E|CS|TAMS 0x0000000085e00000, 0x0000000085e00000| Complete 
|  95|0x0000000085f00000, 0x0000000086000000, 0x0000000086000000|100%| E|CS|TAMS 0x0000000085f00000, 0x0000000085f00000| Complete 
|  96|0x0000000086000000, 0x0000000086100000, 0x0000000086100000|100%| E|CS|TAMS 0x0000000086000000, 0x0000000086000000| Complete 
|  97|0x0000000086100000, 0x0000000086200000, 0x0000000086200000|100%| E|CS|TAMS 0x0000000086100000, 0x0000000086100000| Complete 
|  98|0x0000000086200000, 0x0000000086300000, 0x0000000086300000|100%| E|CS|TAMS 0x0000000086200000, 0x0000000086200000| Complete 
|  99|0x0000000086300000, 0x0000000086400000, 0x0000000086400000|100%| E|CS|TAMS 0x0000000086300000, 0x0000000086300000| Complete 
| 100|0x0000000086400000, 0x0000000086500000, 0x0000000086500000|100%| E|CS|TAMS 0x0000000086400000, 0x0000000086400000| Complete 
| 101|0x0000000086500000, 0x0000000086600000, 0x0000000086600000|100%| E|CS|TAMS 0x0000000086500000, 0x0000000086500000| Complete 
| 102|0x0000000086600000, 0x0000000086700000, 0x0000000086700000|100%| E|CS|TAMS 0x0000000086600000, 0x0000000086600000| Complete 
| 103|0x0000000086700000, 0x0000000086800000, 0x0000000086800000|100%| E|CS|TAMS 0x0000000086700000, 0x0000000086700000| Complete 
| 104|0x0000000086800000, 0x0000000086900000, 0x0000000086900000|100%| E|CS|TAMS 0x0000000086800000, 0x0000000086800000| Complete 
| 105|0x0000000086900000, 0x0000000086a00000, 0x0000000086a00000|100%| E|CS|TAMS 0x0000000086900000, 0x0000000086900000| Complete 
| 106|0x0000000086a00000, 0x0000000086b00000, 0x0000000086b00000|100%| E|CS|TAMS 0x0000000086a00000, 0x0000000086a00000| Complete 
| 107|0x0000000086b00000, 0x0000000086c00000, 0x0000000086c00000|100%| E|CS|TAMS 0x0000000086b00000, 0x0000000086b00000| Complete 
| 108|0x0000000086c00000, 0x0000000086d00000, 0x0000000086d00000|100%| E|CS|TAMS 0x0000000086c00000, 0x0000000086c00000| Complete 
| 109|0x0000000086d00000, 0x0000000086e00000, 0x0000000086e00000|100%| E|CS|TAMS 0x0000000086d00000, 0x0000000086d00000| Complete 
| 110|0x0000000086e00000, 0x0000000086f00000, 0x0000000086f00000|100%| E|CS|TAMS 0x0000000086e00000, 0x0000000086e00000| Complete 
| 111|0x0000000086f00000, 0x0000000087000000, 0x0000000087000000|100%| E|CS|TAMS 0x0000000086f00000, 0x0000000086f00000| Complete 
| 112|0x0000000087000000, 0x0000000087100000, 0x0000000087100000|100%| E|CS|TAMS 0x0000000087000000, 0x0000000087000000| Complete 
| 113|0x0000000087100000, 0x0000000087200000, 0x0000000087200000|100%| E|CS|TAMS 0x0000000087100000, 0x0000000087100000| Complete 
| 114|0x0000000087200000, 0x0000000087300000, 0x0000000087300000|100%| E|CS|TAMS 0x0000000087200000, 0x0000000087200000| Complete 
| 115|0x0000000087300000, 0x0000000087400000, 0x0000000087400000|100%| E|CS|TAMS 0x0000000087300000, 0x0000000087300000| Complete 
| 116|0x0000000087400000, 0x0000000087500000, 0x0000000087500000|100%| E|CS|TAMS 0x0000000087400000, 0x0000000087400000| Complete 
| 117|0x0000000087500000, 0x0000000087600000, 0x0000000087600000|100%| E|CS|TAMS 0x0000000087500000, 0x0000000087500000| Complete 

Card table byte_map: [0x0000019cf34e0000,0x0000019cf38e0000] _byte_map_base: 0x0000019cf30e0000

Marking Bits (Prev, Next): (CMBitMap*) 0x0000019ceb02d980, (CMBitMap*) 0x0000019ceb02d9c0
 Prev Bits: [0x0000019cf3ce0000, 0x0000019cf5ce0000)
 Next Bits: [0x0000019cf5ce0000, 0x0000019cf7ce0000)

Polling page: 0x0000019ce8f10000

Metaspace:

Usage:
  Non-class:     16.61 MB used.
      Class:      2.87 MB used.
       Both:     19.48 MB used.

Virtual space:
  Non-class space:       64.00 MB reserved,      16.94 MB ( 26%) committed,  1 nodes.
      Class space:        1.00 GB reserved,       3.19 MB ( <1%) committed,  1 nodes.
             Both:        1.06 GB reserved,      20.13 MB (  2%) committed. 

Chunk freelists:
   Non-Class:  3.08 MB
       Class:  849.00 KB
        Both:  3.91 MB

MaxMetaspaceSize: unlimited
CompressedClassSpaceSize: 1.00 GB
Initial GC threshold: 21.00 MB
Current GC threshold: 21.00 MB
CDS: on
MetaspaceReclaimPolicy: balanced
 - commit_granule_bytes: 65536.
 - commit_granule_words: 8192.
 - virtual_space_node_default_size: 8388608.
 - enlarge_chunks_in_place: 1.
 - new_chunks_are_fully_committed: 0.
 - uncommit_free_chunks: 1.
 - use_allocation_guard: 0.


Internal statistics:

num_allocs_failed_limit: 0.
num_arena_births: 1064.
num_arena_deaths: 0.
num_vsnodes_births: 2.
num_vsnodes_deaths: 0.
num_space_committed: 322.
num_space_uncommitted: 0.
num_chunks_returned_to_freelist: 0.
num_chunks_taken_from_freelist: 1875.
num_chunk_merges: 0.
num_chunk_splits: 1211.
num_chunks_enlarged: 783.
num_inconsistent_stats: 0.

CodeHeap 'non-profiled nmethods': size=120000Kb used=1299Kb max_used=1299Kb free=118700Kb
 bounds [0x0000019c87ad0000, 0x0000019c87d40000, 0x0000019c8f000000]
CodeHeap 'profiled nmethods': size=120000Kb used=5562Kb max_used=5562Kb free=114437Kb
 bounds [0x0000019c805a0000, 0x0000019c80b10000, 0x0000019c87ad0000]
CodeHeap 'non-nmethods': size=5760Kb used=1250Kb max_used=1313Kb free=4509Kb
 bounds [0x0000019c80000000, 0x0000019c80270000, 0x0000019c805a0000]
 total_blobs=3294 nmethods=2748 adapters=458
 compilation: enabled
              stopped_count=0, restarted_count=0
 full_count=0

Compilation events (20 events):
Event: 3.522 Thread 0x0000019cfa9249d0 2743       3       java.lang.invoke.MethodType::canConvert (123 bytes)
Event: 3.522 Thread 0x0000019cfa9249d0 nmethod 2743 0x0000019c80b05090 code [0x0000019c80b05340, 0x0000019c80b05cc8]
Event: 3.541 Thread 0x0000019cfa9249d0 2744       2       java.lang.String$CaseInsensitiveComparator::compare (68 bytes)
Event: 3.541 Thread 0x0000019cfa9249d0 nmethod 2744 0x0000019c80b06010 code [0x0000019c80b061e0, 0x0000019c80b06418]
Event: 3.544 Thread 0x0000019cfa9249d0 2745       3       jdk.internal.reflect.ReflectionFactory::newMethodAccessor (72 bytes)
Event: 3.544 Thread 0x0000019cfa9249d0 nmethod 2745 0x0000019c80b06590 code [0x0000019c80b067c0, 0x0000019c80b06dd8]
Event: 3.544 Thread 0x0000019cfa9249d0 2746   !   3       jdk.internal.reflect.MethodHandleAccessorFactory::newMethodAccessor (61 bytes)
Event: 3.545 Thread 0x0000019cfa9249d0 nmethod 2746 0x0000019c80b07090 code [0x0000019c80b07360, 0x0000019c80b07d88]
Event: 3.545 Thread 0x0000019cfa9249d0 2747       3       jdk.internal.reflect.MethodHandleAccessorFactory::makeSpecializedTarget (97 bytes)
Event: 3.545 Thread 0x0000019cfa9249d0 nmethod 2747 0x0000019c80b08190 code [0x0000019c80b08440, 0x0000019c80b09508]
Event: 3.545 Thread 0x0000019cfa9249d0 2748       3       jdk.internal.reflect.DirectMethodHandleAccessor::<init> (59 bytes)
Event: 3.546 Thread 0x0000019cfa9249d0 nmethod 2748 0x0000019c80b09a10 code [0x0000019c80b09be0, 0x0000019c80b0a0d8]
Event: 3.546 Thread 0x0000019cfa9249d0 2749       3       jdk.internal.reflect.MethodAccessorImpl::<init> (5 bytes)
Event: 3.546 Thread 0x0000019cfa9249d0 nmethod 2749 0x0000019c80b0a290 code [0x0000019c80b0a440, 0x0000019c80b0a5f8]
Event: 3.549 Thread 0x0000019cfa9249d0 2750   !   3       jdk.internal.loader.AbstractClassLoaderValue::computeIfAbsent (113 bytes)
Event: 3.550 Thread 0x0000019cfa9249d0 nmethod 2750 0x0000019c80b0a710 code [0x0000019c80b0a9c0, 0x0000019c80b0b828]
Event: 3.550 Thread 0x0000019cfa9249d0 2752       3       java.lang.Class::getMethodsRecursive (99 bytes)
Event: 3.551 Thread 0x0000019cfa9249d0 nmethod 2752 0x0000019c80b0be90 code [0x0000019c80b0c0c0, 0x0000019c80b0c668]
Event: 3.551 Thread 0x0000019cfa9249d0 2751       3       java.lang.WeakPairMap$Pair$Weak::second (8 bytes)
Event: 3.552 Thread 0x0000019cfa9249d0 nmethod 2751 0x0000019c80b0c990 code [0x0000019c80b0cb20, 0x0000019c80b0ccf8]

GC Heap History (6 events):
Event: 0.917 GC heap before
{Heap before GC invocations=0 (full 0):
 garbage-first heap   total 120832K, used 26624K [0x0000000080000000, 0x0000000100000000)
  region size 1024K, 23 young (23552K), 0 survivors (0K)
 Metaspace       used 3048K, committed 3200K, reserved 1114112K
  class space    used 388K, committed 448K, reserved 1048576K
}
Event: 0.925 GC heap after
{Heap after GC invocations=1 (full 0):
 garbage-first heap   total 120832K, used 10208K [0x0000000080000000, 0x0000000100000000)
  region size 1024K, 3 young (3072K), 3 survivors (3072K)
 Metaspace       used 3048K, committed 3200K, reserved 1114112K
  class space    used 388K, committed 448K, reserved 1048576K
}
Event: 1.406 GC heap before
{Heap before GC invocations=1 (full 0):
 garbage-first heap   total 120832K, used 37856K [0x0000000080000000, 0x0000000100000000)
  region size 1024K, 30 young (30720K), 3 survivors (3072K)
 Metaspace       used 4084K, committed 4224K, reserved 1114112K
  class space    used 488K, committed 576K, reserved 1048576K
}
Event: 1.411 GC heap after
{Heap after GC invocations=2 (full 0):
 garbage-first heap   total 120832K, used 13452K [0x0000000080000000, 0x0000000100000000)
  region size 1024K, 3 young (3072K), 3 survivors (3072K)
 Metaspace       used 4084K, committed 4224K, reserved 1114112K
  class space    used 488K, committed 576K, reserved 1048576K
}
Event: 3.035 GC heap before
{Heap before GC invocations=2 (full 0):
 garbage-first heap   total 120832K, used 82060K [0x0000000080000000, 0x0000000100000000)
  region size 1024K, 70 young (71680K), 3 survivors (3072K)
 Metaspace       used 15877K, committed 16384K, reserved 1114112K
  class space    used 2228K, committed 2496K, reserved 1048576K
}
Event: 3.041 GC heap after
{Heap after GC invocations=3 (full 0):
 garbage-first heap   total 120832K, used 20254K [0x0000000080000000, 0x0000000100000000)
  region size 1024K, 9 young (9216K), 9 survivors (9216K)
 Metaspace       used 15877K, committed 16384K, reserved 1114112K
  class space    used 2228K, committed 2496K, reserved 1048576K
}

Deoptimization events (20 events):
Event: 2.986 Thread 0x0000019c8fb8b7a0 DEOPT PACKING pc=0x0000019c8095baea sp=0x0000009796ffc620
Event: 2.986 Thread 0x0000019c8fb8b7a0 DEOPT UNPACKING pc=0x0000019c80052b43 sp=0x0000009796ffbb30 mode 0
Event: 3.162 Thread 0x0000019c8fb8b7a0 DEOPT PACKING pc=0x0000019c8095bac9 sp=0x0000009796ffbdd0
Event: 3.162 Thread 0x0000019c8fb8b7a0 DEOPT UNPACKING pc=0x0000019c80052b43 sp=0x0000009796ffb2e0 mode 0
Event: 3.168 Thread 0x0000019c8fb8b7a0 DEOPT PACKING pc=0x0000019c8095bac9 sp=0x0000009796ffb8f0
Event: 3.168 Thread 0x0000019c8fb8b7a0 DEOPT UNPACKING pc=0x0000019c80052b43 sp=0x0000009796ffae00 mode 0
Event: 3.180 Thread 0x0000019c8fb8b7a0 DEOPT PACKING pc=0x0000019c8095baea sp=0x0000009796ffa3e0
Event: 3.180 Thread 0x0000019c8fb8b7a0 DEOPT UNPACKING pc=0x0000019c80052b43 sp=0x0000009796ff98f0 mode 0
Event: 3.253 Thread 0x0000019c8fb8b7a0 Uncommon trap: trap_request=0xffffff45 fr.pc=0x0000019c87bbd2c0 relative=0x0000000000000120
Event: 3.253 Thread 0x0000019c8fb8b7a0 Uncommon trap: reason=unstable_if action=reinterpret pc=0x0000019c87bbd2c0 method=java.util.Arrays.equals([Ljava/lang/Object;[Ljava/lang/Object;)Z @ 44 c2
Event: 3.253 Thread 0x0000019c8fb8b7a0 DEOPT PACKING pc=0x0000019c87bbd2c0 sp=0x0000009796ffbc20
Event: 3.253 Thread 0x0000019c8fb8b7a0 DEOPT UNPACKING pc=0x0000019c800523a3 sp=0x0000009796ffbbc0 mode 2
Event: 3.253 Thread 0x0000019c8fb8b7a0 Uncommon trap: trap_request=0xffffff45 fr.pc=0x0000019c87bbab88 relative=0x00000000000001c8
Event: 3.253 Thread 0x0000019c8fb8b7a0 Uncommon trap: reason=unstable_if action=reinterpret pc=0x0000019c87bbab88 method=java.util.HashMap.getNode(Ljava/lang/Object;)Ljava/util/HashMap$Node; @ 131 c2
Event: 3.253 Thread 0x0000019c8fb8b7a0 DEOPT PACKING pc=0x0000019c87bbab88 sp=0x0000009796ffbcf0
Event: 3.253 Thread 0x0000019c8fb8b7a0 DEOPT UNPACKING pc=0x0000019c800523a3 sp=0x0000009796ffbc10 mode 2
Event: 3.515 Thread 0x0000019c8fb8b7a0 Uncommon trap: trap_request=0xffffff45 fr.pc=0x0000019c87bcd0e0 relative=0x0000000000000de0
Event: 3.515 Thread 0x0000019c8fb8b7a0 Uncommon trap: reason=unstable_if action=reinterpret pc=0x0000019c87bcd0e0 method=jdk.internal.org.objectweb.asm.SymbolTable.addType(Ljava/lang/String;)I @ 33 c2
Event: 3.515 Thread 0x0000019c8fb8b7a0 DEOPT PACKING pc=0x0000019c87bcd0e0 sp=0x0000009796ffc1d0
Event: 3.515 Thread 0x0000019c8fb8b7a0 DEOPT UNPACKING pc=0x0000019c800523a3 sp=0x0000009796ffc198 mode 2

Classes loaded (20 events):
Event: 3.019 Loading class java/util/concurrent/Semaphore
Event: 3.019 Loading class java/util/concurrent/Semaphore done
Event: 3.020 Loading class java/nio/file/FileVisitOption
Event: 3.021 Loading class java/nio/file/FileVisitOption done
Event: 3.024 Loading class java/util/stream/ReduceOps$1
Event: 3.024 Loading class java/util/stream/ReduceOps$1 done
Event: 3.024 Loading class java/util/stream/ReduceOps$1ReducingSink
Event: 3.024 Loading class java/util/stream/ReduceOps$1ReducingSink done
Event: 3.207 Loading class javax/xml/parsers/ParserConfigurationException
Event: 3.207 Loading class javax/xml/parsers/ParserConfigurationException done
Event: 3.207 Loading class org/xml/sax/SAXException
Event: 3.207 Loading class org/xml/sax/SAXException done
Event: 3.207 Loading class javax/xml/xpath/XPathExpressionException
Event: 3.208 Loading class javax/xml/xpath/XPathException
Event: 3.208 Loading class javax/xml/xpath/XPathException done
Event: 3.208 Loading class javax/xml/xpath/XPathExpressionException done
Event: 3.208 Loading class org/xml/sax/ErrorHandler
Event: 3.208 Loading class org/xml/sax/ErrorHandler done
Event: 3.499 Loading class java/lang/annotation/IncompleteAnnotationException
Event: 3.499 Loading class java/lang/annotation/IncompleteAnnotationException done

Classes unloaded (0 events):
No events

Classes redefined (0 events):
No events

Internal exceptions (20 events):
Event: 2.783 Thread 0x0000019c8fb8b7a0 Exception <a 'java/lang/NoSuchMethodError'{0x0000000083ba9758}: 'java.lang.Object java.lang.invoke.DirectMethodHandle$Holder.invokeStatic(java.lang.Object, java.lang.Object, java.lang.Object, java.lang.Object, java.lang.Object, java.lang.Object, java.lang.Object, java.lang.Object, java.lang.Object, java.lang.Object, java.lang.Object, java.lang.Object, java.lang.Object, java.lang.Object, java.lang.Object, java.lang.Object, java.lang.Object, java.lang.Object, java.lang.Object, java.lang.Object, java.lang.Obj
Event: 2.784 Thread 0x0000019c8fb8b7a0 Exception <a 'java/lang/NoSuchMethodError'{0x0000000083bd78a8}: 'java.lang.Object java.lang.invoke.DirectMethodHandle$Holder.invokeStatic(java.lang.Object, java.lang.Object, java.lang.Object, java.lang.Object, java.lang.Object, java.lang.Object, java.lang.Object, java.lang.Object, java.lang.Object, java.lang.Object, java.lang.Object, java.lang.Object, java.lang.Object, java.lang.Object, java.lang.Object, java.lang.Object, java.lang.Object, java.lang.Object, java.lang.Object, java.lang.Object, java.lang.Obj
Event: 2.787 Thread 0x0000019c8fb8b7a0 Exception <a 'java/lang/NoSuchMethodError'{0x0000000083a06928}: 'java.lang.Object java.lang.invoke.DirectMethodHandle$Holder.invokeStatic(java.lang.Object, java.lang.Object, java.lang.Object, java.lang.Object, java.lang.Object, java.lang.Object, java.lang.Object, java.lang.Object, java.lang.Object, java.lang.Object, java.lang.Object, java.lang.Object, java.lang.Object, java.lang.Object, java.lang.Object, java.lang.Object, java.lang.Object, java.lang.Object, java.lang.Object, java.lang.Object, java.lang.Obj
Event: 2.789 Thread 0x0000019c8fb8b7a0 Exception <a 'java/lang/NoSuchMethodError'{0x0000000083a37230}: 'java.lang.Object java.lang.invoke.DirectMethodHandle$Holder.invokeStatic(java.lang.Object, java.lang.Object, java.lang.Object, java.lang.Object, java.lang.Object, java.lang.Object, java.lang.Object, java.lang.Object, java.lang.Object, java.lang.Object, java.lang.Object, java.lang.Object, java.lang.Object, java.lang.Object, java.lang.Object, java.lang.Object, java.lang.Object, java.lang.Object, java.lang.Object, java.lang.Object, java.lang.Obj
Event: 2.988 Thread 0x0000019c8fb8b7a0 Exception <a 'java/lang/IncompatibleClassChangeError'{0x0000000083246af0}: Found class java.lang.Object, but interface was expected> (0x0000000083246af0) 
thrown [s\src\hotspot\share\interpreter\linkResolver.cpp, line 826]
Event: 3.022 Thread 0x0000019c8fb8b7a0 Exception <a 'java/lang/NoSuchMethodError'{0x00000000830702b0}: 'int java.lang.invoke.DirectMethodHandle$Holder.invokeSpecialIFC(java.lang.Object, java.lang.Object, java.lang.Object, java.lang.Object)'> (0x00000000830702b0) 
thrown [s\src\hotspot\share\interpreter\linkResolver.cpp, line 759]
Event: 3.023 Thread 0x0000019c8fb8b7a0 Exception <a 'java/lang/NoSuchMethodError'{0x000000008307f6c0}: 'java.lang.Object java.lang.invoke.DirectMethodHandle$Holder.invokeInterface(java.lang.Object, java.lang.Object, java.lang.Object)'> (0x000000008307f6c0) 
thrown [s\src\hotspot\share\interpreter\linkResolver.cpp, line 759]
Event: 3.023 Thread 0x0000019c8fb8b7a0 Exception <a 'java/lang/IncompatibleClassChangeError'{0x0000000083083698}: Found class java.lang.Object, but interface was expected> (0x0000000083083698) 
thrown [s\src\hotspot\share\interpreter\linkResolver.cpp, line 826]
Event: 3.025 Thread 0x0000019c8fb8b7a0 Exception <a 'java/lang/NoSuchMethodError'{0x000000008308b820}: 'java.lang.Object java.lang.invoke.DirectMethodHandle$Holder.newInvokeSpecial(java.lang.Object, java.lang.Object, java.lang.Object, java.lang.Object, java.lang.Object, java.lang.Object, java.lang.Object, java.lang.Object, java.lang.Object, java.lang.Object, java.lang.Object)'> (0x000000008308b820) 
thrown [s\src\hotspot\share\interpreter\linkResolver.cpp, line 759]
Event: 3.026 Thread 0x0000019c8fb8b7a0 Exception <a 'java/lang/NoSuchMethodError'{0x0000000083090b10}: 'java.lang.Object java.lang.invoke.DirectMethodHandle$Holder.invokeSpecial(java.lang.Object, java.lang.Object, java.lang.Object, java.lang.Object, java.lang.Object, java.lang.Object, java.lang.Object, java.lang.Object, java.lang.Object, java.lang.Object, java.lang.Object, java.lang.Object)'> (0x0000000083090b10) 
thrown [s\src\hotspot\share\interpreter\linkResolver.cpp, line 759]
Event: 3.066 Thread 0x0000019c8fb8b7a0 Exception <a 'java/lang/NoSuchMethodError'{0x00000000874ae2f0}: 'int java.lang.invoke.DirectMethodHandle$Holder.invokeStatic(java.lang.Object, java.lang.Object, java.lang.Object, java.lang.Object)'> (0x00000000874ae2f0) 
thrown [s\src\hotspot\share\interpreter\linkResolver.cpp, line 759]
Event: 3.137 Thread 0x0000019c8fb8b7a0 Exception <a 'java/lang/NoSuchMethodError'{0x00000000870513a8}: 'java.lang.Object java.lang.invoke.DirectMethodHandle$Holder.invokeSpecial(java.lang.Object, java.lang.Object, java.lang.Object, java.lang.Object, java.lang.Object, java.lang.Object, java.lang.Object, java.lang.Object, java.lang.Object, java.lang.Object, java.lang.Object, java.lang.Object, java.lang.Object, java.lang.Object, java.lang.Object, java.lang.Object, java.lang.Object, java.lang.Object, java.lang.Object, java.lang.Object, java.lang.Ob
Event: 3.262 Thread 0x0000019c8fb8b7a0 Exception <a 'java/lang/NoSuchMethodError'{0x00000000869239a0}: 'java.lang.Object java.lang.invoke.DirectMethodHandle$Holder.newInvokeSpecial(java.lang.Object, java.lang.Object, java.lang.Object, java.lang.Object, java.lang.Object, java.lang.Object, java.lang.Object)'> (0x00000000869239a0) 
thrown [s\src\hotspot\share\interpreter\linkResolver.cpp, line 759]
Event: 3.262 Thread 0x0000019c8fb8b7a0 Exception <a 'java/lang/NoSuchMethodError'{0x00000000869283d0}: 'java.lang.Object java.lang.invoke.Invokers$Holder.linkToTargetMethod(java.lang.Object, java.lang.Object, java.lang.Object, java.lang.Object, java.lang.Object, java.lang.Object, java.lang.Object)'> (0x00000000869283d0) 
thrown [s\src\hotspot\share\interpreter\linkResolver.cpp, line 759]
Event: 3.282 Thread 0x0000019c8fb8b7a0 Exception <a 'java/lang/NoSuchMethodError'{0x00000000868729b8}: 'java.lang.Object java.lang.invoke.DirectMethodHandle$Holder.invokeVirtual(java.lang.Object, java.lang.Object, java.lang.Object, java.lang.Object, java.lang.Object, java.lang.Object, java.lang.Object, java.lang.Object, java.lang.Object, java.lang.Object, java.lang.Object, java.lang.Object, java.lang.Object, java.lang.Object, java.lang.Object, java.lang.Object, java.lang.Object, java.lang.Object, java.lang.Object, java.lang.Object, java.lang.Ob
Event: 3.456 Thread 0x0000019c8fb8b7a0 Exception <a 'java/lang/NoSuchMethodError'{0x0000000085ee7fe0}: 'void java.lang.invoke.DirectMethodHandle$Holder.invokeStaticInit(java.lang.Object, java.lang.Object)'> (0x0000000085ee7fe0) 
thrown [s\src\hotspot\share\interpreter\linkResolver.cpp, line 759]
Event: 3.478 Thread 0x0000019c8fb8b7a0 Exception <a 'java/lang/NoSuchMethodError'{0x0000000085dc5d38}: 'java.lang.Object java.lang.invoke.DirectMethodHandle$Holder.newInvokeSpecial(java.lang.Object, java.lang.Object, java.lang.Object, java.lang.Object, java.lang.Object, java.lang.Object, java.lang.Object, java.lang.Object)'> (0x0000000085dc5d38) 
thrown [s\src\hotspot\share\interpreter\linkResolver.cpp, line 759]
Event: 3.494 Thread 0x0000019c8fb8b7a0 Exception <a 'java/lang/NoSuchMethodError'{0x0000000085cba458}: 'java.lang.Object java.lang.invoke.DirectMethodHandle$Holder.newInvokeSpecial(java.lang.Object, java.lang.Object, java.lang.Object, java.lang.Object, java.lang.Object, java.lang.Object, java.lang.Object, java.lang.Object, java.lang.Object, java.lang.Object)'> (0x0000000085cba458) 
thrown [s\src\hotspot\share\interpreter\linkResolver.cpp, line 759]
Event: 3.500 Thread 0x0000019c8fb8b7a0 Exception <a 'java/lang/NoSuchMethodError'{0x0000000085b1f040}: 'java.lang.Object java.lang.invoke.DirectMethodHandle$Holder.invokeStaticInit(java.lang.Object, java.lang.Object, java.lang.Object)'> (0x0000000085b1f040) 
thrown [s\src\hotspot\share\interpreter\linkResolver.cpp, line 759]
Event: 3.501 Thread 0x0000019c8fb8b7a0 Exception <a 'java/lang/NoSuchMethodError'{0x0000000085b293c0}: 'void java.lang.invoke.DirectMethodHandle$Holder.invokeStatic(java.lang.Object, java.lang.Object, java.lang.Object, java.lang.Object, java.lang.Object, java.lang.Object)'> (0x0000000085b293c0) 
thrown [s\src\hotspot\share\interpreter\linkResolver.cpp, line 759]

VM Operations (20 events):
Event: 1.784 Executing VM operation: HandshakeAllThreads
Event: 1.784 Executing VM operation: HandshakeAllThreads done
Event: 1.828 Executing VM operation: HandshakeAllThreads
Event: 1.828 Executing VM operation: HandshakeAllThreads done
Event: 1.847 Executing VM operation: HandshakeAllThreads
Event: 1.847 Executing VM operation: HandshakeAllThreads done
Event: 1.918 Executing VM operation: HandshakeAllThreads
Event: 1.918 Executing VM operation: HandshakeAllThreads done
Event: 2.058 Executing VM operation: HandshakeAllThreads
Event: 2.058 Executing VM operation: HandshakeAllThreads done
Event: 2.367 Executing VM operation: ICBufferFull
Event: 2.367 Executing VM operation: ICBufferFull done
Event: 2.441 Executing VM operation: HandshakeAllThreads
Event: 2.441 Executing VM operation: HandshakeAllThreads done
Event: 2.796 Executing VM operation: HandshakeAllThreads
Event: 2.796 Executing VM operation: HandshakeAllThreads done
Event: 2.796 Executing VM operation: HandshakeAllThreads
Event: 2.796 Executing VM operation: HandshakeAllThreads done
Event: 3.035 Executing VM operation: G1CollectForAllocation
Event: 3.041 Executing VM operation: G1CollectForAllocation done

Events (20 events):
Event: 0.404 Loaded shared library C:\Users\kayrat\.jdks\corretto-18.0.2\bin\verify.dll
Event: 0.538 Loaded shared library C:\Users\kayrat\.gradle\native\68d5fa5c4cc2d200863cafc0d521ce42e7d3e7ee720ec0a83991735586a16f82\windows-amd64\native-platform.dll
Event: 0.545 Loaded shared library C:\Users\kayrat\.gradle\native\e376f236ea51e6404a007f0833ffe2c6e607c4080706a723a18a27aeea778392\windows-amd64\native-platform-file-events.dll
Event: 1.680 Loaded shared library C:\Users\kayrat\.jdks\corretto-18.0.2\bin\management.dll
Event: 1.686 Loaded shared library C:\Users\kayrat\.jdks\corretto-18.0.2\bin\management_ext.dll
Event: 1.731 Thread 0x0000019c8f817310 Thread added: 0x0000019c8f817310
Event: 2.027 Thread 0x0000019c8f961970 Thread added: 0x0000019c8f961970
Event: 2.091 Thread 0x0000019c8f691520 Thread added: 0x0000019c8f691520
Event: 2.125 Thread 0x0000019c8fd33290 Thread added: 0x0000019c8fd33290
Event: 2.128 Thread 0x0000019c8fa7b560 Thread added: 0x0000019c8fa7b560
Event: 2.204 Thread 0x0000019c8fb82840 Thread added: 0x0000019c8fb82840
Event: 2.210 Thread 0x0000019c8fb8b7a0 Thread added: 0x0000019c8fb8b7a0
Event: 2.219 Thread 0x0000019c90090700 Thread added: 0x0000019c90090700
Event: 2.222 Thread 0x0000019c90090bd0 Thread added: 0x0000019c90090bd0
Event: 2.225 Thread 0x0000019c9008f3c0 Thread added: 0x0000019c9008f3c0
Event: 2.593 Thread 0x0000019c9008e080 Thread added: 0x0000019c9008e080
Event: 2.613 Thread 0x0000019c90091570 Thread added: 0x0000019c90091570
Event: 3.004 Thread 0x0000019c9008e550 Thread added: 0x0000019c9008e550
Event: 3.023 Thread 0x0000019c8fb0f4e0 Thread added: 0x0000019c8fb0f4e0
Event: 3.415 Thread 0x0000019c90631a40 Thread added: 0x0000019c90631a40


Dynamic libraries:
0x00007ff7848e0000 - 0x00007ff7848ed000 	C:\Users\kayrat\.jdks\corretto-18.0.2\bin\java.exe
0x00007ffb7ebf0000 - 0x00007ffb7ee04000 	C:\Windows\SYSTEM32\ntdll.dll
0x00007ffb7cab0000 - 0x00007ffb7cb72000 	C:\Windows\System32\KERNEL32.DLL
0x00007ffb7c1d0000 - 0x00007ffb7c56c000 	C:\Windows\System32\KERNELBASE.dll
0x00007ffb7c030000 - 0x00007ffb7c141000 	C:\Windows\System32\ucrtbase.dll
0x00007ffb6d210000 - 0x00007ffb6d225000 	C:\Users\kayrat\.jdks\corretto-18.0.2\bin\VCRUNTIME140.dll
0x00007ffb77930000 - 0x00007ffb77947000 	C:\Users\kayrat\.jdks\corretto-18.0.2\bin\jli.dll
0x00007ffb7cfd0000 - 0x00007ffb7d17b000 	C:\Windows\System32\USER32.dll
0x00007ffb7c7f0000 - 0x00007ffb7c816000 	C:\Windows\System32\win32u.dll
0x00007ffb7df10000 - 0x00007ffb7df39000 	C:\Windows\System32\GDI32.dll
0x00007ffb7c570000 - 0x00007ffb7c683000 	C:\Windows\System32\gdi32full.dll
0x00007ffb657e0000 - 0x00007ffb65a6e000 	C:\Windows\WinSxS\amd64_microsoft.windows.common-controls_6595b64144ccf1df_6.0.22621.608_none_a9444ca7c10bb01d\COMCTL32.dll
0x00007ffb7c690000 - 0x00007ffb7c72a000 	C:\Windows\System32\msvcp_win.dll
0x00007ffb7ca00000 - 0x00007ffb7caa7000 	C:\Windows\System32\msvcrt.dll
0x00007ffb7cde0000 - 0x00007ffb7ce11000 	C:\Windows\System32\IMM32.DLL
0x00007ffb4ace0000 - 0x00007ffb4ad7b000 	C:\Users\kayrat\.jdks\corretto-18.0.2\bin\msvcp140.dll
0x00007ffb49240000 - 0x00007ffb49eb1000 	C:\Users\kayrat\.jdks\corretto-18.0.2\bin\server\jvm.dll
0x00007ffb7dd80000 - 0x00007ffb7de2e000 	C:\Windows\System32\ADVAPI32.dll
0x00007ffb7ce20000 - 0x00007ffb7cec4000 	C:\Windows\System32\sechost.dll
0x00007ffb7da50000 - 0x00007ffb7db67000 	C:\Windows\System32\RPCRT4.dll
0x00007ffb7dd70000 - 0x00007ffb7dd78000 	C:\Windows\System32\PSAPI.DLL
0x00007ffb77630000 - 0x00007ffb77664000 	C:\Windows\SYSTEM32\WINMM.dll
0x00007ffb6e4b0000 - 0x00007ffb6e4b9000 	C:\Windows\SYSTEM32\WSOCK32.dll
0x00007ffb73940000 - 0x00007ffb7394a000 	C:\Windows\SYSTEM32\VERSION.dll
0x00007ffb7d9d0000 - 0x00007ffb7da41000 	C:\Windows\System32\WS2_32.dll
0x00007ffb7b080000 - 0x00007ffb7b098000 	C:\Windows\SYSTEM32\kernel.appcore.dll
0x00007ffb78650000 - 0x00007ffb7865a000 	C:\Users\kayrat\.jdks\corretto-18.0.2\bin\jimage.dll
0x00007ffb74600000 - 0x00007ffb7482e000 	C:\Windows\SYSTEM32\DBGHELP.DLL
0x00007ffb7d180000 - 0x00007ffb7d509000 	C:\Windows\System32\combase.dll
0x00007ffb7dbe0000 - 0x00007ffb7dcb7000 	C:\Windows\System32\OLEAUT32.dll
0x00007ffb6bd70000 - 0x00007ffb6bda2000 	C:\Windows\SYSTEM32\dbgcore.DLL
0x00007ffb7c150000 - 0x00007ffb7c1cb000 	C:\Windows\System32\bcryptPrimitives.dll
0x00007ffb77680000 - 0x00007ffb7768e000 	C:\Users\kayrat\.jdks\corretto-18.0.2\bin\instrument.dll
0x00007ffb645c0000 - 0x00007ffb645e5000 	C:\Users\kayrat\.jdks\corretto-18.0.2\bin\java.dll
0x00007ffb49160000 - 0x00007ffb49236000 	C:\Users\kayrat\.jdks\corretto-18.0.2\bin\jsvml.dll
0x00007ffb7e3c0000 - 0x00007ffb7ebb0000 	C:\Windows\System32\SHELL32.dll
0x00007ffb7a040000 - 0x00007ffb7a90d000 	C:\Windows\SYSTEM32\windows.storage.dll
0x00007ffb79f00000 - 0x00007ffb7a03e000 	C:\Windows\SYSTEM32\wintypes.dll
0x00007ffb7ced0000 - 0x00007ffb7cfc1000 	C:\Windows\System32\SHCORE.dll
0x00007ffb7de30000 - 0x00007ffb7de8e000 	C:\Windows\System32\shlwapi.dll
0x00007ffb7bf60000 - 0x00007ffb7bf81000 	C:\Windows\SYSTEM32\profapi.dll
0x00007ffb674b0000 - 0x00007ffb674c8000 	C:\Users\kayrat\.jdks\corretto-18.0.2\bin\zip.dll
0x00007ffb64940000 - 0x00007ffb64953000 	C:\Users\kayrat\.jdks\corretto-18.0.2\bin\net.dll
0x00007ffb77260000 - 0x00007ffb77397000 	C:\Windows\SYSTEM32\WINHTTP.dll
0x00007ffb7b4f0000 - 0x00007ffb7b559000 	C:\Windows\system32\mswsock.dll
0x00007ffb64910000 - 0x00007ffb64925000 	C:\Users\kayrat\.jdks\corretto-18.0.2\bin\nio.dll
0x00007ffb77220000 - 0x00007ffb77230000 	C:\Users\kayrat\.jdks\corretto-18.0.2\bin\verify.dll
0x00007ffb4e1c0000 - 0x00007ffb4e1e7000 	C:\Users\kayrat\.gradle\native\68d5fa5c4cc2d200863cafc0d521ce42e7d3e7ee720ec0a83991735586a16f82\windows-amd64\native-platform.dll
0x00007ffb4a0c0000 - 0x00007ffb4a204000 	C:\Users\kayrat\.gradle\native\e376f236ea51e6404a007f0833ffe2c6e607c4080706a723a18a27aeea778392\windows-amd64\native-platform-file-events.dll
0x00007ffb739d0000 - 0x00007ffb739d9000 	C:\Users\kayrat\.jdks\corretto-18.0.2\bin\management.dll
0x00007ffb6e460000 - 0x00007ffb6e46b000 	C:\Users\kayrat\.jdks\corretto-18.0.2\bin\management_ext.dll
0x00007ffb7b760000 - 0x00007ffb7b77b000 	C:\Windows\SYSTEM32\CRYPTSP.dll
0x00007ffb7aff0000 - 0x00007ffb7b025000 	C:\Windows\system32\rsaenh.dll
0x00007ffb7b5f0000 - 0x00007ffb7b618000 	C:\Windows\SYSTEM32\USERENV.dll
0x00007ffb7b910000 - 0x00007ffb7b938000 	C:\Windows\SYSTEM32\bcrypt.dll
0x00007ffb7b750000 - 0x00007ffb7b75c000 	C:\Windows\SYSTEM32\CRYPTBASE.dll
0x00007ffb7ab60000 - 0x00007ffb7ab8d000 	C:\Windows\SYSTEM32\IPHLPAPI.DLL
0x00007ffb7d9c0000 - 0x00007ffb7d9c9000 	C:\Windows\System32\NSI.dll
0x00007ffb768b0000 - 0x00007ffb768c9000 	C:\Windows\SYSTEM32\dhcpcsvc6.DLL
0x00007ffb76640000 - 0x00007ffb7665f000 	C:\Windows\SYSTEM32\dhcpcsvc.DLL
0x00007ffb7abd0000 - 0x00007ffb7acc3000 	C:\Windows\SYSTEM32\DNSAPI.dll

dbghelp: loaded successfully - version: 4.0.5 - missing functions: none
symbol engine: initialized successfully - sym options: 0x614 - pdb path: .;C:\Users\kayrat\.jdks\corretto-18.0.2\bin;C:\Windows\SYSTEM32;C:\Windows\WinSxS\amd64_microsoft.windows.common-controls_6595b64144ccf1df_6.0.22621.608_none_a9444ca7c10bb01d;C:\Users\kayrat\.jdks\corretto-18.0.2\bin\server;C:\Users\kayrat\.gradle\native\68d5fa5c4cc2d200863cafc0d521ce42e7d3e7ee720ec0a83991735586a16f82\windows-amd64;C:\Users\kayrat\.gradle\native\e376f236ea51e6404a007f0833ffe2c6e607c4080706a723a18a27aeea778392\windows-amd64

VM Arguments:
jvm_args: --add-opens=java.base/java.util.concurrent.atomic=ALL-UNNAMED --add-opens=java.base/java.util=ALL-UNNAMED --add-opens=java.base/java.lang=ALL-UNNAMED --add-opens=java.base/java.lang.invoke=ALL-UNNAMED --add-opens=java.prefs/java.util.prefs=ALL-UNNAMED --add-opens=java.base/java.nio.charset=ALL-UNNAMED --add-opens=java.base/java.net=ALL-UNNAMED --add-opens=java.base/java.util.concurrent.atomic=ALL-UNNAMED -Xmx2048m -Dfile.encoding=UTF-8 -Duser.country=RU -Duser.language=ru -Duser.variant -javaagent:C:\Users\kayrat\.gradle\wrapper\dists\gradle-8.1-bin\2eyty4r6kz6fpakefpk52nbbm\gradle-8.1\lib\agents\gradle-instrumentation-agent-8.1.jar 
java_command: org.gradle.launcher.daemon.bootstrap.GradleDaemon 8.1
java_class_path (initial): C:\Users\kayrat\.gradle\wrapper\dists\gradle-8.1-bin\2eyty4r6kz6fpakefpk52nbbm\gradle-8.1\lib\gradle-launcher-8.1.jar
Launcher Type: SUN_STANDARD

[Global flags]
     intx CICompilerCount                          = 4                                         {product} {ergonomic}
     uint ConcGCThreads                            = 3                                         {product} {ergonomic}
     uint G1ConcRefinementThreads                  = 10                                        {product} {ergonomic}
   size_t G1HeapRegionSize                         = 1048576                                   {product} {ergonomic}
    uintx GCDrainStackTargetSize                   = 64                                        {product} {ergonomic}
   size_t InitialHeapSize                          = 123731968                                 {product} {ergonomic}
   size_t MarkStackSize                            = 4194304                                   {product} {ergonomic}
   size_t MaxHeapSize                              = 2147483648                                {product} {command line}
   size_t MaxNewSize                               = 1287651328                                {product} {ergonomic}
   size_t MinHeapDeltaBytes                        = 1048576                                   {product} {ergonomic}
   size_t MinHeapSize                              = 8388608                                   {product} {ergonomic}
    uintx NonNMethodCodeHeapSize                   = 5839372                                {pd product} {ergonomic}
    uintx NonProfiledCodeHeapSize                  = 122909434                              {pd product} {ergonomic}
    uintx ProfiledCodeHeapSize                     = 122909434                              {pd product} {ergonomic}
    uintx ReservedCodeCacheSize                    = 251658240                              {pd product} {ergonomic}
     bool SegmentedCodeCache                       = true                                      {product} {ergonomic}
   size_t SoftMaxHeapSize                          = 2147483648                             {manageable} {ergonomic}
     bool UseCompressedClassPointers               = true                           {product lp64_product} {ergonomic}
     bool UseCompressedOops                        = true                           {product lp64_product} {ergonomic}
     bool UseG1GC                                  = true                                      {product} {ergonomic}
     bool UseLargePagesIndividualAllocation        = false                                  {pd product} {ergonomic}

Logging:
Log output configuration:
 #0: stdout all=warning uptime,level,tags foldmultilines=false
 #1: stderr all=off uptime,level,tags foldmultilines=false

Environment Variables:
JAVA_HOME=C:\Program Files\Java\jdk-19
PATH=C:\Program Files\Common Files\Oracle\Java\javapath;C:\Windows\system32;C:\Windows;C:\Windows\System32\Wbem;C:\Windows\System32\WindowsPowerShell\v1.0\;C:\Windows\System32\OpenSSH\;C:\Program Files\Git\cmd;C:\Users\kayrat\AppData\Local\Android\Sdk\platform-tools;C:\Program Files\dotnet\;C:\Users\kayrat\AppData\Local\Microsoft\WindowsApps;C:\Users\kayrat\AppData\Local\JetBrains\Toolbox\scripts;;C:\Users\kayrat\AppData\Local\Programs\Microsoft VS Code\bin;C:\Users\kayrat\.dotnet\tools
USERNAME=kayrat
OS=Windows_NT
PROCESSOR_IDENTIFIER=AMD64 Family 23 Model 104 Stepping 1, AuthenticAMD



---------------  S Y S T E M  ---------------

OS:
 Windows 11 , 64 bit Build 22621 (10.0.22621.1485)
OS uptime: 2 days 14:31 hours

CPU: total 12 (initial active 12) (12 cores per cpu, 2 threads per core) family 23 model 104 stepping 1 microcode 0x0, cx8, cmov, fxsr, ht, mmx, 3dnowpref, sse, sse2, sse3, ssse3, sse4a, sse4.1, sse4.2, popcnt, lzcnt, tsc, tscinvbit, avx, avx2, aes, clmul, bmi1, bmi2, adx, sha, fma, vzeroupper, clflush, clflushopt

Memory: 4k page, system-wide physical 7525M (744M free)
TotalPageFile size 15717M (AvailPageFile size 6M)
current process WorkingSet (physical memory assigned to process): 219M, peak: 220M
current process commit charge ("private bytes"): 302M, peak: 304M

vm_info: OpenJDK 64-Bit Server VM (18.0.2+9-FR) for windows-amd64 JRE (18.0.2+9-FR), built on Jul 15 2022 20:03:03 by "Administrator" with MS VC++ 15.9 (VS2017)

END.
